<?xml version="1.0" encoding="UTF-8"?>
<testsuite name="jpabook.jpashop.JpashopApplicationTests" tests="1" skipped="0" failures="0" errors="0" timestamp="2023-11-30T07:26:50" hostname="TASK" time="0.3">
  <properties/>
  <testcase name="contextLoads()" classname="jpabook.jpashop.JpashopApplicationTests" time="0.3"/>
  <system-out><![CDATA[16:26:48.330 [Test worker] INFO org.springframework.test.context.support.AnnotationConfigContextLoaderUtils -- Could not detect default configuration classes for test class [jpabook.jpashop.JpashopApplicationTests]: JpashopApplicationTests does not declare any static, non-private, non-final, nested classes annotated with @Configuration.
16:26:48.395 [Test worker] INFO org.springframework.boot.test.context.SpringBootTestContextBootstrapper -- Found @SpringBootConfiguration jpabook.jpashop.JpashopApplication for test class jpabook.jpashop.JpashopApplicationTests
16:26:48.506 [Test worker] INFO org.springframework.boot.devtools.restart.RestartApplicationListener -- Restart disabled due to context in which it is running

  .   ____          _            __ _ _
 /\\ / ___'_ __ _ _(_)_ __  __ _ \ \ \ \
( ( )\___ | '_ | '_| | '_ \/ _` | \ \ \ \
 \\/  ___)| |_)| | | | | || (_| |  ) ) ) )
  '  |____| .__|_| |_|_| |_\__, | / / / /
 =========|_|==============|___/=/_/_/_/
 :: Spring Boot ::                (v3.2.0)

2023-11-30T16:26:48.680+09:00  INFO 3320 --- [    Test worker] j.jpashop.JpashopApplicationTests        : Starting JpashopApplicationTests using Java 17.0.8 with PID 3320 (started by luna7 in D:\jpashop)
2023-11-30T16:26:48.681+09:00  INFO 3320 --- [    Test worker] j.jpashop.JpashopApplicationTests        : No active profile set, falling back to 1 default profile: "default"
2023-11-30T16:26:49.063+09:00  INFO 3320 --- [    Test worker] .s.d.r.c.RepositoryConfigurationDelegate : Bootstrapping Spring Data JPA repositories in DEFAULT mode.
2023-11-30T16:26:49.075+09:00  INFO 3320 --- [    Test worker] .s.d.r.c.RepositoryConfigurationDelegate : Finished Spring Data repository scanning in 7 ms. Found 0 JPA repository interfaces.
2023-11-30T16:26:49.318+09:00  INFO 3320 --- [    Test worker] o.hibernate.jpa.internal.util.LogHelper  : HHH000204: Processing PersistenceUnitInfo [name: default]
2023-11-30T16:26:49.358+09:00  INFO 3320 --- [    Test worker] org.hibernate.Version                    : HHH000412: Hibernate ORM core version 6.3.1.Final
2023-11-30T16:26:49.383+09:00  INFO 3320 --- [    Test worker] o.h.c.internal.RegionFactoryInitiator    : HHH000026: Second-level cache disabled
2023-11-30T16:26:49.539+09:00  INFO 3320 --- [    Test worker] o.s.o.j.p.SpringPersistenceUnitInfo      : No LoadTimeWeaver setup: ignoring JPA class transformer
2023-11-30T16:26:49.555+09:00  INFO 3320 --- [    Test worker] com.zaxxer.hikari.HikariDataSource       : HikariPool-1 - Starting...
2023-11-30T16:26:49.610+09:00  INFO 3320 --- [    Test worker] com.zaxxer.hikari.pool.HikariPool        : HikariPool-1 - Added connection conn0: url=jdbc:h2:tcp://localhost/~/jpashop user=SA
2023-11-30T16:26:49.611+09:00  INFO 3320 --- [    Test worker] com.zaxxer.hikari.HikariDataSource       : HikariPool-1 - Start completed.
2023-11-30T16:26:50.084+09:00  INFO 3320 --- [    Test worker] o.h.e.t.j.p.i.JtaPlatformInitiator       : HHH000489: No JTA platform available (set 'hibernate.transaction.jta.platform' to enable JTA platform integration)
2023-11-30T16:26:50.093+09:00 DEBUG 3320 --- [    Test worker] org.hibernate.SQL                        : 
    drop table if exists member cascade 
2023-11-30T16:26:50.094+09:00 DEBUG 3320 --- [    Test worker] org.hibernate.SQL                        : 
    drop sequence if exists member_seq
2023-11-30T16:26:50.098+09:00 DEBUG 3320 --- [    Test worker] org.hibernate.SQL                        : 
    create sequence member_seq start with 1 increment by 50
2023-11-30T16:26:50.100+09:00 DEBUG 3320 --- [    Test worker] org.hibernate.SQL                        : 
    create table member (
        id bigint not null,
        username varchar(255),
        primary key (id)
    )
2023-11-30T16:26:50.102+09:00  INFO 3320 --- [    Test worker] j.LocalContainerEntityManagerFactoryBean : Initialized JPA EntityManagerFactory for persistence unit 'default'
2023-11-30T16:26:50.214+09:00  WARN 3320 --- [    Test worker] JpaBaseConfiguration$JpaWebConfiguration : spring.jpa.open-in-view is enabled by default. Therefore, database queries may be performed during view rendering. Explicitly configure spring.jpa.open-in-view to disable this warning
2023-11-30T16:26:50.465+09:00  INFO 3320 --- [    Test worker] j.jpashop.JpashopApplicationTests        : Started JpashopApplicationTests in 1.961 seconds (process running for 2.733)
]]></system-out>
  <system-err><![CDATA[]]></system-err>
</testsuite>
