<?xml version="1.0" encoding="UTF-8"?>
<testsuite name="jpabook.jpashop.MemberRepositoryTest" tests="1" skipped="0" failures="0" errors="0" timestamp="2023-11-30T07:26:50" hostname="TASK" time="0.082">
  <properties/>
  <testcase name="testMember()" classname="jpabook.jpashop.MemberRepositoryTest" time="0.082"/>
  <system-out><![CDATA[2023-11-30T16:26:50.779+09:00  INFO 3320 --- [    Test worker] t.c.s.AnnotationConfigContextLoaderUtils : Could not detect default configuration classes for test class [jpabook.jpashop.MemberRepositoryTest]: MemberRepositoryTest does not declare any static, non-private, non-final, nested classes annotated with @Configuration.
2023-11-30T16:26:50.780+09:00  INFO 3320 --- [    Test worker] .b.t.c.SpringBootTestContextBootstrapper : Found @SpringBootConfiguration jpabook.jpashop.JpashopApplication for test class jpabook.jpashop.MemberRepositoryTest
2023-11-30T16:26:50.818+09:00 DEBUG 3320 --- [    Test worker] org.hibernate.SQL                        : 
    select
        next value for member_seq
findMember == membertrue
]]></system-out>
  <system-err><![CDATA[]]></system-err>
</testsuite>
